C:\Program Files (x86)\Microsoft Visual Studio\2019\Community\MSBuild\Microsoft\VC\v160\Microsoft.CppBuild.targets(513,5): warning MSB8028: The intermediate directory (x64\Debug\) contains files shared from another project (adjuster.vcxproj, arc.vcxproj, ask.vcxproj, bitmap.vcxproj, blocks.vcxproj, boxtype.vcxproj, browser.vcxproj, button.vcxproj, buttons.vcxproj, cairo_test.vcxproj, checkers.vcxproj, clock.vcxproj, colbrowser.vcxproj, color_chooser.vcxproj, cube.vcxproj, cursor.vcxproj, curve.vcxproj, device.vcxproj, doublebuffer.vcxproj, file_chooser.vcxproj, fltk.vcxproj, fltkdll.vcxproj, fltkforms.vcxproj, fltkgl.vcxproj, fltkimages.vcxproj, fltkjpeg.vcxproj, fltkpng.vcxproj, fltkzlib.vcxproj, fonts.vcxproj, forms.vcxproj, fractals.vcxproj, fullscreen.vcxproj, glpuzzle.vcxproj, gl_overlay.vcxproj, hello.vcxproj, help.vcxproj, iconize.vcxproj, image.vcxproj, input.vcxproj, input_choice.vcxproj, label.vcxproj, line_style.vcxproj, menubar.vcxproj, message.vcxproj, minimum.vcxproj, native-filechooser.vcxproj, navigation.vcxproj, output.vcxproj, overlay.vcxproj, pack.vcxproj, pixmap.vcxproj, pixmap_browser.vcxproj, resizebox.vcxproj, rotated_text.vcxproj, scroll.vcxproj, shape.vcxproj, subwindow.vcxproj, sudoku.vcxproj, symbols.vcxproj, table.vcxproj, threads.vcxproj, tile.vcxproj, tiled_image.vcxproj, unittests.vcxproj, utf8.vcxproj).  This can lead to incorrect clean and rebuild behavior.
  about_panel.cxx
  align_widget.cxx
  alignment_panel.cxx
  code.cxx
  CodeEditor.cxx
  ExternalCodeEditor_WIN32.cxx
  factory.cxx
  file.cxx
  Fl_Function_Type.cxx
  Fl_Group_Type.cxx
  Fl_Menu_Type.cxx
  Fl_Type.cxx
  Fl_Widget_Type.cxx
  Fl_Window_Type.cxx
  fluid.cxx
  Fluid_Image.cxx
  function_panel.cxx
  template_panel.cxx
  undo.cxx
  widget_panel.cxx
C:\Users\imr84\OneDrive\Desktop\csci520\csci520-assignment2-startercode\csci520-assignment2-startercode\fltk-1.3.8\fluid\widget_panel.cxx(29,54): warning C4312: 'type cast': conversion from 'unsigned int' to 'void *' of greater size
C:\Users\imr84\OneDrive\Desktop\csci520\csci520-assignment2-startercode\csci520-assignment2-startercode\fltk-1.3.8\fluid\widget_panel.cxx(39,56): warning C4312: 'type cast': conversion from 'unsigned int' to 'void *' of greater size
C:\Users\imr84\OneDrive\Desktop\csci520\csci520-assignment2-startercode\csci520-assignment2-startercode\fltk-1.3.8\fluid\widget_panel.cxx(49,56): warning C4312: 'type cast': conversion from 'unsigned int' to 'void *' of greater size
  Generating Code...
C:\Program Files (x86)\Microsoft Visual Studio\2019\Community\MSBuild\Microsoft\VC\v160\Microsoft.CppBuild.targets(1363,5): warning MSB8012: TargetPath(C:\Users\imr84\OneDrive\Desktop\csci520\csci520-assignment2-startercode\csci520-assignment2-startercode\fltk-1.3.8\ide\VisualC2010\x64\Debug\fluidd.exe) does not match the Linker's OutputFile property value (C:\Users\imr84\OneDrive\Desktop\csci520\csci520-assignment2-startercode\csci520-assignment2-startercode\fltk-1.3.8\fluid\fluidd.exe). This may cause your project to build incorrectly. To correct this, please make sure that $(OutDir), $(TargetName) and $(TargetExt) property values match the value specified in %(Link.OutputFile).
  fluid.vcxproj -> C:\Users\imr84\OneDrive\Desktop\csci520\csci520-assignment2-startercode\csci520-assignment2-startercode\fltk-1.3.8\ide\VisualC2010\x64\Debug\fluidd.exe
