c:\users\imr84\onedrive\desktop\csci520\csci520-assignment2-startercode\csci520-assignment2-startercode\fltk-1.3.8\lib\fltkgld.bsc
c:\users\imr84\onedrive\desktop\csci520\csci520-assignment2-startercode\csci520-assignment2-startercode\fltk-1.3.8\lib\fltkgld.pdb
c:\users\imr84\onedrive\desktop\csci520\csci520-assignment2-startercode\csci520-assignment2-startercode\fltk-1.3.8\ide\visualc2010\fltkgl_debug\fl_gl_choice.sbr
c:\users\imr84\onedrive\desktop\csci520\csci520-assignment2-startercode\csci520-assignment2-startercode\fltk-1.3.8\ide\visualc2010\fltkgl_debug\fl_gl_device_plugin.sbr
c:\users\imr84\onedrive\desktop\csci520\csci520-assignment2-startercode\csci520-assignment2-startercode\fltk-1.3.8\ide\visualc2010\fltkgl_debug\fl_gl_overlay.sbr
c:\users\imr84\onedrive\desktop\csci520\csci520-assignment2-startercode\csci520-assignment2-startercode\fltk-1.3.8\ide\visualc2010\fltkgl_debug\fl_gl_window.sbr
c:\users\imr84\onedrive\desktop\csci520\csci520-assignment2-startercode\csci520-assignment2-startercode\fltk-1.3.8\ide\visualc2010\fltkgl_debug\freeglut_geometry.sbr
c:\users\imr84\onedrive\desktop\csci520\csci520-assignment2-startercode\csci520-assignment2-startercode\fltk-1.3.8\ide\visualc2010\fltkgl_debug\freeglut_stroke_mono_roman.sbr
c:\users\imr84\onedrive\desktop\csci520\csci520-assignment2-startercode\csci520-assignment2-startercode\fltk-1.3.8\ide\visualc2010\fltkgl_debug\freeglut_stroke_roman.sbr
c:\users\imr84\onedrive\desktop\csci520\csci520-assignment2-startercode\csci520-assignment2-startercode\fltk-1.3.8\ide\visualc2010\fltkgl_debug\freeglut_teapot.sbr
c:\users\imr84\onedrive\desktop\csci520\csci520-assignment2-startercode\csci520-assignment2-startercode\fltk-1.3.8\ide\visualc2010\fltkgl_debug\gl_draw.sbr
c:\users\imr84\onedrive\desktop\csci520\csci520-assignment2-startercode\csci520-assignment2-startercode\fltk-1.3.8\ide\visualc2010\fltkgl_debug\gl_start.sbr
c:\users\imr84\onedrive\desktop\csci520\csci520-assignment2-startercode\csci520-assignment2-startercode\fltk-1.3.8\ide\visualc2010\fltkgl_debug\glut_compatability.sbr
c:\users\imr84\onedrive\desktop\csci520\csci520-assignment2-startercode\csci520-assignment2-startercode\fltk-1.3.8\ide\visualc2010\fltkgl_debug\glut_font.sbr
c:\users\imr84\onedrive\desktop\csci520\csci520-assignment2-startercode\csci520-assignment2-startercode\fltk-1.3.8\ide\visualc2010\fltkgl_debug\glut_font.obj
c:\users\imr84\onedrive\desktop\csci520\csci520-assignment2-startercode\csci520-assignment2-startercode\fltk-1.3.8\ide\visualc2010\fltkgl_debug\glut_compatability.obj
c:\users\imr84\onedrive\desktop\csci520\csci520-assignment2-startercode\csci520-assignment2-startercode\fltk-1.3.8\ide\visualc2010\fltkgl_debug\gl_start.obj
c:\users\imr84\onedrive\desktop\csci520\csci520-assignment2-startercode\csci520-assignment2-startercode\fltk-1.3.8\ide\visualc2010\fltkgl_debug\gl_draw.obj
c:\users\imr84\onedrive\desktop\csci520\csci520-assignment2-startercode\csci520-assignment2-startercode\fltk-1.3.8\ide\visualc2010\fltkgl_debug\freeglut_teapot.obj
c:\users\imr84\onedrive\desktop\csci520\csci520-assignment2-startercode\csci520-assignment2-startercode\fltk-1.3.8\ide\visualc2010\fltkgl_debug\freeglut_stroke_roman.obj
c:\users\imr84\onedrive\desktop\csci520\csci520-assignment2-startercode\csci520-assignment2-startercode\fltk-1.3.8\ide\visualc2010\fltkgl_debug\freeglut_stroke_mono_roman.obj
c:\users\imr84\onedrive\desktop\csci520\csci520-assignment2-startercode\csci520-assignment2-startercode\fltk-1.3.8\ide\visualc2010\fltkgl_debug\freeglut_geometry.obj
c:\users\imr84\onedrive\desktop\csci520\csci520-assignment2-startercode\csci520-assignment2-startercode\fltk-1.3.8\ide\visualc2010\fltkgl_debug\fl_gl_window.obj
c:\users\imr84\onedrive\desktop\csci520\csci520-assignment2-startercode\csci520-assignment2-startercode\fltk-1.3.8\ide\visualc2010\fltkgl_debug\fl_gl_overlay.obj
c:\users\imr84\onedrive\desktop\csci520\csci520-assignment2-startercode\csci520-assignment2-startercode\fltk-1.3.8\ide\visualc2010\fltkgl_debug\fl_gl_device_plugin.obj
c:\users\imr84\onedrive\desktop\csci520\csci520-assignment2-startercode\csci520-assignment2-startercode\fltk-1.3.8\ide\visualc2010\fltkgl_debug\fl_gl_choice.obj
c:\users\imr84\onedrive\desktop\csci520\csci520-assignment2-startercode\csci520-assignment2-startercode\fltk-1.3.8\lib\fltkgld.lib
c:\users\imr84\onedrive\desktop\csci520\csci520-assignment2-startercode\csci520-assignment2-startercode\fltk-1.3.8\ide\visualc2010\fltkgl_debug\fltkgl.tlog\bscmake.command.1.tlog
c:\users\imr84\onedrive\desktop\csci520\csci520-assignment2-startercode\csci520-assignment2-startercode\fltk-1.3.8\ide\visualc2010\fltkgl_debug\fltkgl.tlog\bscmake.read.1.tlog
c:\users\imr84\onedrive\desktop\csci520\csci520-assignment2-startercode\csci520-assignment2-startercode\fltk-1.3.8\ide\visualc2010\fltkgl_debug\fltkgl.tlog\bscmake.write.1.tlog
c:\users\imr84\onedrive\desktop\csci520\csci520-assignment2-startercode\csci520-assignment2-startercode\fltk-1.3.8\ide\visualc2010\fltkgl_debug\fltkgl.tlog\cl.command.1.tlog
c:\users\imr84\onedrive\desktop\csci520\csci520-assignment2-startercode\csci520-assignment2-startercode\fltk-1.3.8\ide\visualc2010\fltkgl_debug\fltkgl.tlog\cl.read.1.tlog
c:\users\imr84\onedrive\desktop\csci520\csci520-assignment2-startercode\csci520-assignment2-startercode\fltk-1.3.8\ide\visualc2010\fltkgl_debug\fltkgl.tlog\cl.write.1.tlog
c:\users\imr84\onedrive\desktop\csci520\csci520-assignment2-startercode\csci520-assignment2-startercode\fltk-1.3.8\ide\visualc2010\fltkgl_debug\fltkgl.tlog\lib-link.read.1.tlog
c:\users\imr84\onedrive\desktop\csci520\csci520-assignment2-startercode\csci520-assignment2-startercode\fltk-1.3.8\ide\visualc2010\fltkgl_debug\fltkgl.tlog\lib-link.write.1.tlog
c:\users\imr84\onedrive\desktop\csci520\csci520-assignment2-startercode\csci520-assignment2-startercode\fltk-1.3.8\ide\visualc2010\fltkgl_debug\fltkgl.tlog\lib.command.1.tlog
