c:\users\imr84\onedrive\desktop\csci520\csci520-assignment2-startercode\csci520-assignment2-startercode\fltk-1.3.8\lib\fltkformsd.bsc
c:\users\imr84\onedrive\desktop\csci520\csci520-assignment2-startercode\csci520-assignment2-startercode\fltk-1.3.8\lib\fltkformsd.pdb
c:\users\imr84\onedrive\desktop\csci520\csci520-assignment2-startercode\csci520-assignment2-startercode\fltk-1.3.8\ide\visualc2010\fltkforms_debug\forms_bitmap.sbr
c:\users\imr84\onedrive\desktop\csci520\csci520-assignment2-startercode\csci520-assignment2-startercode\fltk-1.3.8\ide\visualc2010\fltkforms_debug\forms_compatability.sbr
c:\users\imr84\onedrive\desktop\csci520\csci520-assignment2-startercode\csci520-assignment2-startercode\fltk-1.3.8\ide\visualc2010\fltkforms_debug\forms_free.sbr
c:\users\imr84\onedrive\desktop\csci520\csci520-assignment2-startercode\csci520-assignment2-startercode\fltk-1.3.8\ide\visualc2010\fltkforms_debug\forms_fselect.sbr
c:\users\imr84\onedrive\desktop\csci520\csci520-assignment2-startercode\csci520-assignment2-startercode\fltk-1.3.8\ide\visualc2010\fltkforms_debug\forms_pixmap.sbr
c:\users\imr84\onedrive\desktop\csci520\csci520-assignment2-startercode\csci520-assignment2-startercode\fltk-1.3.8\ide\visualc2010\fltkforms_debug\forms_timer.sbr
c:\users\imr84\onedrive\desktop\csci520\csci520-assignment2-startercode\csci520-assignment2-startercode\fltk-1.3.8\ide\visualc2010\fltkforms_debug\forms_timer.obj
c:\users\imr84\onedrive\desktop\csci520\csci520-assignment2-startercode\csci520-assignment2-startercode\fltk-1.3.8\ide\visualc2010\fltkforms_debug\forms_pixmap.obj
c:\users\imr84\onedrive\desktop\csci520\csci520-assignment2-startercode\csci520-assignment2-startercode\fltk-1.3.8\ide\visualc2010\fltkforms_debug\forms_fselect.obj
c:\users\imr84\onedrive\desktop\csci520\csci520-assignment2-startercode\csci520-assignment2-startercode\fltk-1.3.8\ide\visualc2010\fltkforms_debug\forms_free.obj
c:\users\imr84\onedrive\desktop\csci520\csci520-assignment2-startercode\csci520-assignment2-startercode\fltk-1.3.8\ide\visualc2010\fltkforms_debug\forms_compatability.obj
c:\users\imr84\onedrive\desktop\csci520\csci520-assignment2-startercode\csci520-assignment2-startercode\fltk-1.3.8\ide\visualc2010\fltkforms_debug\forms_bitmap.obj
c:\users\imr84\onedrive\desktop\csci520\csci520-assignment2-startercode\csci520-assignment2-startercode\fltk-1.3.8\lib\fltkformsd.lib
c:\users\imr84\onedrive\desktop\csci520\csci520-assignment2-startercode\csci520-assignment2-startercode\fltk-1.3.8\ide\visualc2010\fltkforms_debug\fltkforms.tlog\bscmake.command.1.tlog
c:\users\imr84\onedrive\desktop\csci520\csci520-assignment2-startercode\csci520-assignment2-startercode\fltk-1.3.8\ide\visualc2010\fltkforms_debug\fltkforms.tlog\bscmake.read.1.tlog
c:\users\imr84\onedrive\desktop\csci520\csci520-assignment2-startercode\csci520-assignment2-startercode\fltk-1.3.8\ide\visualc2010\fltkforms_debug\fltkforms.tlog\bscmake.write.1.tlog
c:\users\imr84\onedrive\desktop\csci520\csci520-assignment2-startercode\csci520-assignment2-startercode\fltk-1.3.8\ide\visualc2010\fltkforms_debug\fltkforms.tlog\cl.command.1.tlog
c:\users\imr84\onedrive\desktop\csci520\csci520-assignment2-startercode\csci520-assignment2-startercode\fltk-1.3.8\ide\visualc2010\fltkforms_debug\fltkforms.tlog\cl.read.1.tlog
c:\users\imr84\onedrive\desktop\csci520\csci520-assignment2-startercode\csci520-assignment2-startercode\fltk-1.3.8\ide\visualc2010\fltkforms_debug\fltkforms.tlog\cl.write.1.tlog
c:\users\imr84\onedrive\desktop\csci520\csci520-assignment2-startercode\csci520-assignment2-startercode\fltk-1.3.8\ide\visualc2010\fltkforms_debug\fltkforms.tlog\lib-link.read.1.tlog
c:\users\imr84\onedrive\desktop\csci520\csci520-assignment2-startercode\csci520-assignment2-startercode\fltk-1.3.8\ide\visualc2010\fltkforms_debug\fltkforms.tlog\lib-link.write.1.tlog
c:\users\imr84\onedrive\desktop\csci520\csci520-assignment2-startercode\csci520-assignment2-startercode\fltk-1.3.8\ide\visualc2010\fltkforms_debug\fltkforms.tlog\lib.command.1.tlog
