c:\users\imr84\onedrive\desktop\csci520\csci520-assignment2-startercode\csci520-assignment2-startercode\fltk-1.3.8\lib\fltkpngd.pdb
c:\users\imr84\onedrive\desktop\csci520\csci520-assignment2-startercode\csci520-assignment2-startercode\fltk-1.3.8\ide\visualc2010\fltkpng_debug\pngwutil.obj
c:\users\imr84\onedrive\desktop\csci520\csci520-assignment2-startercode\csci520-assignment2-startercode\fltk-1.3.8\ide\visualc2010\fltkpng_debug\pngwtran.obj
c:\users\imr84\onedrive\desktop\csci520\csci520-assignment2-startercode\csci520-assignment2-startercode\fltk-1.3.8\ide\visualc2010\fltkpng_debug\pngwrite.obj
c:\users\imr84\onedrive\desktop\csci520\csci520-assignment2-startercode\csci520-assignment2-startercode\fltk-1.3.8\ide\visualc2010\fltkpng_debug\pngwio.obj
c:\users\imr84\onedrive\desktop\csci520\csci520-assignment2-startercode\csci520-assignment2-startercode\fltk-1.3.8\ide\visualc2010\fltkpng_debug\pngtrans.obj
c:\users\imr84\onedrive\desktop\csci520\csci520-assignment2-startercode\csci520-assignment2-startercode\fltk-1.3.8\ide\visualc2010\fltkpng_debug\pngset.obj
c:\users\imr84\onedrive\desktop\csci520\csci520-assignment2-startercode\csci520-assignment2-startercode\fltk-1.3.8\ide\visualc2010\fltkpng_debug\pngrutil.obj
c:\users\imr84\onedrive\desktop\csci520\csci520-assignment2-startercode\csci520-assignment2-startercode\fltk-1.3.8\ide\visualc2010\fltkpng_debug\pngrtran.obj
c:\users\imr84\onedrive\desktop\csci520\csci520-assignment2-startercode\csci520-assignment2-startercode\fltk-1.3.8\ide\visualc2010\fltkpng_debug\pngrio.obj
c:\users\imr84\onedrive\desktop\csci520\csci520-assignment2-startercode\csci520-assignment2-startercode\fltk-1.3.8\ide\visualc2010\fltkpng_debug\pngread.obj
c:\users\imr84\onedrive\desktop\csci520\csci520-assignment2-startercode\csci520-assignment2-startercode\fltk-1.3.8\ide\visualc2010\fltkpng_debug\pngpread.obj
c:\users\imr84\onedrive\desktop\csci520\csci520-assignment2-startercode\csci520-assignment2-startercode\fltk-1.3.8\ide\visualc2010\fltkpng_debug\pngmem.obj
c:\users\imr84\onedrive\desktop\csci520\csci520-assignment2-startercode\csci520-assignment2-startercode\fltk-1.3.8\ide\visualc2010\fltkpng_debug\pngget.obj
c:\users\imr84\onedrive\desktop\csci520\csci520-assignment2-startercode\csci520-assignment2-startercode\fltk-1.3.8\ide\visualc2010\fltkpng_debug\pngerror.obj
c:\users\imr84\onedrive\desktop\csci520\csci520-assignment2-startercode\csci520-assignment2-startercode\fltk-1.3.8\ide\visualc2010\fltkpng_debug\png.obj
c:\users\imr84\onedrive\desktop\csci520\csci520-assignment2-startercode\csci520-assignment2-startercode\fltk-1.3.8\lib\fltkpngd.lib
c:\users\imr84\onedrive\desktop\csci520\csci520-assignment2-startercode\csci520-assignment2-startercode\fltk-1.3.8\ide\visualc2010\fltkpng_debug\fltkpng.tlog\cl.command.1.tlog
c:\users\imr84\onedrive\desktop\csci520\csci520-assignment2-startercode\csci520-assignment2-startercode\fltk-1.3.8\ide\visualc2010\fltkpng_debug\fltkpng.tlog\cl.read.1.tlog
c:\users\imr84\onedrive\desktop\csci520\csci520-assignment2-startercode\csci520-assignment2-startercode\fltk-1.3.8\ide\visualc2010\fltkpng_debug\fltkpng.tlog\cl.write.1.tlog
c:\users\imr84\onedrive\desktop\csci520\csci520-assignment2-startercode\csci520-assignment2-startercode\fltk-1.3.8\ide\visualc2010\fltkpng_debug\fltkpng.tlog\lib-link.read.1.tlog
c:\users\imr84\onedrive\desktop\csci520\csci520-assignment2-startercode\csci520-assignment2-startercode\fltk-1.3.8\ide\visualc2010\fltkpng_debug\fltkpng.tlog\lib-link.write.1.tlog
c:\users\imr84\onedrive\desktop\csci520\csci520-assignment2-startercode\csci520-assignment2-startercode\fltk-1.3.8\ide\visualc2010\fltkpng_debug\fltkpng.tlog\lib.command.1.tlog
