c:\users\imr84\onedrive\desktop\csci520\csci520-assignment2-startercode\csci520-assignment2-startercode\fltk-1.3.8\lib\fltkjpegd.pdb
c:\users\imr84\onedrive\desktop\csci520\csci520-assignment2-startercode\csci520-assignment2-startercode\fltk-1.3.8\ide\visualc2010\fltkjpeg_debug\jdapistd.obj
c:\users\imr84\onedrive\desktop\csci520\csci520-assignment2-startercode\csci520-assignment2-startercode\fltk-1.3.8\ide\visualc2010\fltkjpeg_debug\jdapimin.obj
c:\users\imr84\onedrive\desktop\csci520\csci520-assignment2-startercode\csci520-assignment2-startercode\fltk-1.3.8\ide\visualc2010\fltkjpeg_debug\jctrans.obj
c:\users\imr84\onedrive\desktop\csci520\csci520-assignment2-startercode\csci520-assignment2-startercode\fltk-1.3.8\ide\visualc2010\fltkjpeg_debug\jcsample.obj
c:\users\imr84\onedrive\desktop\csci520\csci520-assignment2-startercode\csci520-assignment2-startercode\fltk-1.3.8\ide\visualc2010\fltkjpeg_debug\jcprepct.obj
c:\users\imr84\onedrive\desktop\csci520\csci520-assignment2-startercode\csci520-assignment2-startercode\fltk-1.3.8\ide\visualc2010\fltkjpeg_debug\jdarith.obj
c:\users\imr84\onedrive\desktop\csci520\csci520-assignment2-startercode\csci520-assignment2-startercode\fltk-1.3.8\ide\visualc2010\fltkjpeg_debug\jcarith.obj
c:\users\imr84\onedrive\desktop\csci520\csci520-assignment2-startercode\csci520-assignment2-startercode\fltk-1.3.8\ide\visualc2010\fltkjpeg_debug\jaricom.obj
c:\users\imr84\onedrive\desktop\csci520\csci520-assignment2-startercode\csci520-assignment2-startercode\fltk-1.3.8\ide\visualc2010\fltkjpeg_debug\jcparam.obj
c:\users\imr84\onedrive\desktop\csci520\csci520-assignment2-startercode\csci520-assignment2-startercode\fltk-1.3.8\ide\visualc2010\fltkjpeg_debug\jcomapi.obj
c:\users\imr84\onedrive\desktop\csci520\csci520-assignment2-startercode\csci520-assignment2-startercode\fltk-1.3.8\ide\visualc2010\fltkjpeg_debug\jcmaster.obj
c:\users\imr84\onedrive\desktop\csci520\csci520-assignment2-startercode\csci520-assignment2-startercode\fltk-1.3.8\ide\visualc2010\fltkjpeg_debug\jcmarker.obj
c:\users\imr84\onedrive\desktop\csci520\csci520-assignment2-startercode\csci520-assignment2-startercode\fltk-1.3.8\ide\visualc2010\fltkjpeg_debug\jcmainct.obj
c:\users\imr84\onedrive\desktop\csci520\csci520-assignment2-startercode\csci520-assignment2-startercode\fltk-1.3.8\ide\visualc2010\fltkjpeg_debug\jcinit.obj
c:\users\imr84\onedrive\desktop\csci520\csci520-assignment2-startercode\csci520-assignment2-startercode\fltk-1.3.8\ide\visualc2010\fltkjpeg_debug\jchuff.obj
c:\users\imr84\onedrive\desktop\csci520\csci520-assignment2-startercode\csci520-assignment2-startercode\fltk-1.3.8\ide\visualc2010\fltkjpeg_debug\jcdctmgr.obj
c:\users\imr84\onedrive\desktop\csci520\csci520-assignment2-startercode\csci520-assignment2-startercode\fltk-1.3.8\ide\visualc2010\fltkjpeg_debug\jccolor.obj
c:\users\imr84\onedrive\desktop\csci520\csci520-assignment2-startercode\csci520-assignment2-startercode\fltk-1.3.8\ide\visualc2010\fltkjpeg_debug\jccoefct.obj
c:\users\imr84\onedrive\desktop\csci520\csci520-assignment2-startercode\csci520-assignment2-startercode\fltk-1.3.8\ide\visualc2010\fltkjpeg_debug\jcapistd.obj
c:\users\imr84\onedrive\desktop\csci520\csci520-assignment2-startercode\csci520-assignment2-startercode\fltk-1.3.8\ide\visualc2010\fltkjpeg_debug\jcapimin.obj
c:\users\imr84\onedrive\desktop\csci520\csci520-assignment2-startercode\csci520-assignment2-startercode\fltk-1.3.8\ide\visualc2010\fltkjpeg_debug\jidctfst.obj
c:\users\imr84\onedrive\desktop\csci520\csci520-assignment2-startercode\csci520-assignment2-startercode\fltk-1.3.8\ide\visualc2010\fltkjpeg_debug\jidctflt.obj
c:\users\imr84\onedrive\desktop\csci520\csci520-assignment2-startercode\csci520-assignment2-startercode\fltk-1.3.8\ide\visualc2010\fltkjpeg_debug\jfdctint.obj
c:\users\imr84\onedrive\desktop\csci520\csci520-assignment2-startercode\csci520-assignment2-startercode\fltk-1.3.8\ide\visualc2010\fltkjpeg_debug\jfdctfst.obj
c:\users\imr84\onedrive\desktop\csci520\csci520-assignment2-startercode\csci520-assignment2-startercode\fltk-1.3.8\ide\visualc2010\fltkjpeg_debug\jfdctflt.obj
c:\users\imr84\onedrive\desktop\csci520\csci520-assignment2-startercode\csci520-assignment2-startercode\fltk-1.3.8\ide\visualc2010\fltkjpeg_debug\jerror.obj
c:\users\imr84\onedrive\desktop\csci520\csci520-assignment2-startercode\csci520-assignment2-startercode\fltk-1.3.8\ide\visualc2010\fltkjpeg_debug\jdtrans.obj
c:\users\imr84\onedrive\desktop\csci520\csci520-assignment2-startercode\csci520-assignment2-startercode\fltk-1.3.8\ide\visualc2010\fltkjpeg_debug\jdsample.obj
c:\users\imr84\onedrive\desktop\csci520\csci520-assignment2-startercode\csci520-assignment2-startercode\fltk-1.3.8\ide\visualc2010\fltkjpeg_debug\jdpostct.obj
c:\users\imr84\onedrive\desktop\csci520\csci520-assignment2-startercode\csci520-assignment2-startercode\fltk-1.3.8\ide\visualc2010\fltkjpeg_debug\jdmerge.obj
c:\users\imr84\onedrive\desktop\csci520\csci520-assignment2-startercode\csci520-assignment2-startercode\fltk-1.3.8\ide\visualc2010\fltkjpeg_debug\jdmaster.obj
c:\users\imr84\onedrive\desktop\csci520\csci520-assignment2-startercode\csci520-assignment2-startercode\fltk-1.3.8\ide\visualc2010\fltkjpeg_debug\jdmarker.obj
c:\users\imr84\onedrive\desktop\csci520\csci520-assignment2-startercode\csci520-assignment2-startercode\fltk-1.3.8\ide\visualc2010\fltkjpeg_debug\jdmainct.obj
c:\users\imr84\onedrive\desktop\csci520\csci520-assignment2-startercode\csci520-assignment2-startercode\fltk-1.3.8\ide\visualc2010\fltkjpeg_debug\jdinput.obj
c:\users\imr84\onedrive\desktop\csci520\csci520-assignment2-startercode\csci520-assignment2-startercode\fltk-1.3.8\ide\visualc2010\fltkjpeg_debug\jdhuff.obj
c:\users\imr84\onedrive\desktop\csci520\csci520-assignment2-startercode\csci520-assignment2-startercode\fltk-1.3.8\ide\visualc2010\fltkjpeg_debug\jddctmgr.obj
c:\users\imr84\onedrive\desktop\csci520\csci520-assignment2-startercode\csci520-assignment2-startercode\fltk-1.3.8\ide\visualc2010\fltkjpeg_debug\jdcolor.obj
c:\users\imr84\onedrive\desktop\csci520\csci520-assignment2-startercode\csci520-assignment2-startercode\fltk-1.3.8\ide\visualc2010\fltkjpeg_debug\jdcoefct.obj
c:\users\imr84\onedrive\desktop\csci520\csci520-assignment2-startercode\csci520-assignment2-startercode\fltk-1.3.8\ide\visualc2010\fltkjpeg_debug\jdatasrc.obj
c:\users\imr84\onedrive\desktop\csci520\csci520-assignment2-startercode\csci520-assignment2-startercode\fltk-1.3.8\ide\visualc2010\fltkjpeg_debug\jdatadst.obj
c:\users\imr84\onedrive\desktop\csci520\csci520-assignment2-startercode\csci520-assignment2-startercode\fltk-1.3.8\ide\visualc2010\fltkjpeg_debug\jutils.obj
c:\users\imr84\onedrive\desktop\csci520\csci520-assignment2-startercode\csci520-assignment2-startercode\fltk-1.3.8\ide\visualc2010\fltkjpeg_debug\jquant2.obj
c:\users\imr84\onedrive\desktop\csci520\csci520-assignment2-startercode\csci520-assignment2-startercode\fltk-1.3.8\ide\visualc2010\fltkjpeg_debug\jquant1.obj
c:\users\imr84\onedrive\desktop\csci520\csci520-assignment2-startercode\csci520-assignment2-startercode\fltk-1.3.8\ide\visualc2010\fltkjpeg_debug\jmemnobs.obj
c:\users\imr84\onedrive\desktop\csci520\csci520-assignment2-startercode\csci520-assignment2-startercode\fltk-1.3.8\ide\visualc2010\fltkjpeg_debug\jmemmgr.obj
c:\users\imr84\onedrive\desktop\csci520\csci520-assignment2-startercode\csci520-assignment2-startercode\fltk-1.3.8\ide\visualc2010\fltkjpeg_debug\jidctint.obj
c:\users\imr84\onedrive\desktop\csci520\csci520-assignment2-startercode\csci520-assignment2-startercode\fltk-1.3.8\lib\fltkjpegd.lib
c:\users\imr84\onedrive\desktop\csci520\csci520-assignment2-startercode\csci520-assignment2-startercode\fltk-1.3.8\ide\visualc2010\fltkjpeg_debug\fltkjpeg.tlog\cl.command.1.tlog
c:\users\imr84\onedrive\desktop\csci520\csci520-assignment2-startercode\csci520-assignment2-startercode\fltk-1.3.8\ide\visualc2010\fltkjpeg_debug\fltkjpeg.tlog\cl.read.1.tlog
c:\users\imr84\onedrive\desktop\csci520\csci520-assignment2-startercode\csci520-assignment2-startercode\fltk-1.3.8\ide\visualc2010\fltkjpeg_debug\fltkjpeg.tlog\cl.write.1.tlog
c:\users\imr84\onedrive\desktop\csci520\csci520-assignment2-startercode\csci520-assignment2-startercode\fltk-1.3.8\ide\visualc2010\fltkjpeg_debug\fltkjpeg.tlog\lib-link.read.1.tlog
c:\users\imr84\onedrive\desktop\csci520\csci520-assignment2-startercode\csci520-assignment2-startercode\fltk-1.3.8\ide\visualc2010\fltkjpeg_debug\fltkjpeg.tlog\lib-link.write.1.tlog
c:\users\imr84\onedrive\desktop\csci520\csci520-assignment2-startercode\csci520-assignment2-startercode\fltk-1.3.8\ide\visualc2010\fltkjpeg_debug\fltkjpeg.tlog\lib.command.1.tlog
