c:\users\imr84\onedrive\desktop\csci520\csci520-assignment2-startercode\csci520-assignment2-startercode\fltk-1.3.8\lib\fltkzlibd.pdb
c:\users\imr84\onedrive\desktop\csci520\csci520-assignment2-startercode\csci520-assignment2-startercode\fltk-1.3.8\ide\visualc2010\fltkzlib_debug\zutil.obj
c:\users\imr84\onedrive\desktop\csci520\csci520-assignment2-startercode\csci520-assignment2-startercode\fltk-1.3.8\ide\visualc2010\fltkzlib_debug\uncompr.obj
c:\users\imr84\onedrive\desktop\csci520\csci520-assignment2-startercode\csci520-assignment2-startercode\fltk-1.3.8\ide\visualc2010\fltkzlib_debug\trees.obj
c:\users\imr84\onedrive\desktop\csci520\csci520-assignment2-startercode\csci520-assignment2-startercode\fltk-1.3.8\ide\visualc2010\fltkzlib_debug\inftrees.obj
c:\users\imr84\onedrive\desktop\csci520\csci520-assignment2-startercode\csci520-assignment2-startercode\fltk-1.3.8\ide\visualc2010\fltkzlib_debug\inflate.obj
c:\users\imr84\onedrive\desktop\csci520\csci520-assignment2-startercode\csci520-assignment2-startercode\fltk-1.3.8\ide\visualc2010\fltkzlib_debug\inffast.obj
c:\users\imr84\onedrive\desktop\csci520\csci520-assignment2-startercode\csci520-assignment2-startercode\fltk-1.3.8\ide\visualc2010\fltkzlib_debug\infback.obj
c:\users\imr84\onedrive\desktop\csci520\csci520-assignment2-startercode\csci520-assignment2-startercode\fltk-1.3.8\ide\visualc2010\fltkzlib_debug\gzwrite.obj
c:\users\imr84\onedrive\desktop\csci520\csci520-assignment2-startercode\csci520-assignment2-startercode\fltk-1.3.8\ide\visualc2010\fltkzlib_debug\gzread.obj
c:\users\imr84\onedrive\desktop\csci520\csci520-assignment2-startercode\csci520-assignment2-startercode\fltk-1.3.8\ide\visualc2010\fltkzlib_debug\gzlib.obj
c:\users\imr84\onedrive\desktop\csci520\csci520-assignment2-startercode\csci520-assignment2-startercode\fltk-1.3.8\ide\visualc2010\fltkzlib_debug\gzclose.obj
c:\users\imr84\onedrive\desktop\csci520\csci520-assignment2-startercode\csci520-assignment2-startercode\fltk-1.3.8\ide\visualc2010\fltkzlib_debug\deflate.obj
c:\users\imr84\onedrive\desktop\csci520\csci520-assignment2-startercode\csci520-assignment2-startercode\fltk-1.3.8\ide\visualc2010\fltkzlib_debug\crc32.obj
c:\users\imr84\onedrive\desktop\csci520\csci520-assignment2-startercode\csci520-assignment2-startercode\fltk-1.3.8\ide\visualc2010\fltkzlib_debug\compress.obj
c:\users\imr84\onedrive\desktop\csci520\csci520-assignment2-startercode\csci520-assignment2-startercode\fltk-1.3.8\ide\visualc2010\fltkzlib_debug\adler32.obj
c:\users\imr84\onedrive\desktop\csci520\csci520-assignment2-startercode\csci520-assignment2-startercode\fltk-1.3.8\lib\fltkzlibd.lib
c:\users\imr84\onedrive\desktop\csci520\csci520-assignment2-startercode\csci520-assignment2-startercode\fltk-1.3.8\ide\visualc2010\fltkzlib_debug\fltkzlib.tlog\cl.command.1.tlog
c:\users\imr84\onedrive\desktop\csci520\csci520-assignment2-startercode\csci520-assignment2-startercode\fltk-1.3.8\ide\visualc2010\fltkzlib_debug\fltkzlib.tlog\cl.read.1.tlog
c:\users\imr84\onedrive\desktop\csci520\csci520-assignment2-startercode\csci520-assignment2-startercode\fltk-1.3.8\ide\visualc2010\fltkzlib_debug\fltkzlib.tlog\cl.write.1.tlog
c:\users\imr84\onedrive\desktop\csci520\csci520-assignment2-startercode\csci520-assignment2-startercode\fltk-1.3.8\ide\visualc2010\fltkzlib_debug\fltkzlib.tlog\lib-link.read.1.tlog
c:\users\imr84\onedrive\desktop\csci520\csci520-assignment2-startercode\csci520-assignment2-startercode\fltk-1.3.8\ide\visualc2010\fltkzlib_debug\fltkzlib.tlog\lib-link.write.1.tlog
c:\users\imr84\onedrive\desktop\csci520\csci520-assignment2-startercode\csci520-assignment2-startercode\fltk-1.3.8\ide\visualc2010\fltkzlib_debug\fltkzlib.tlog\lib.command.1.tlog
